Analysis & Synthesis report for PopCount32_Parallel
Wed Oct 30 19:14:13 2019
Quartus Prime Version 18.1.0 Build 625 09/12/2018 SJ Lite Edition


---------------------
; Table of Contents ;
---------------------
  1. Legal Notice
  2. Analysis & Synthesis Summary
  3. Analysis & Synthesis Settings
  4. Parallel Compilation
  5. Analysis & Synthesis Source Files Read
  6. Analysis & Synthesis Resource Usage Summary
  7. Analysis & Synthesis Resource Utilization by Entity
  8. General Register Statistics
  9. Port Connectivity Checks: "fullAdder5bit:fullAdder5bit_1"
 10. Port Connectivity Checks: "fullAdder4bit:fullAdder4bit_2"
 11. Port Connectivity Checks: "fullAdder4bit:fullAdder4bit_1"
 12. Port Connectivity Checks: "fullAdder3bit:fullAdder3bit_4"
 13. Port Connectivity Checks: "fullAdder3bit:fullAdder3bit_3"
 14. Port Connectivity Checks: "fullAdder3bit:fullAdder3bit_2"
 15. Port Connectivity Checks: "fullAdder3bit:fullAdder3bit_1"
 16. Post-Synthesis Netlist Statistics for Top Partition
 17. Elapsed Time Per Partition
 18. Analysis & Synthesis Messages



----------------
; Legal Notice ;
----------------
Copyright (C) 2018  Intel Corporation. All rights reserved.
Your use of Intel Corporation's design tools, logic functions 
and other software and tools, and its AMPP partner logic 
functions, and any output files from any of the foregoing 
(including device programming or simulation files), and any 
associated documentation or information are expressly subject 
to the terms and conditions of the Intel Program License 
Subscription Agreement, the Intel Quartus Prime License Agreement,
the Intel FPGA IP License Agreement, or other applicable license
agreement, including, without limitation, that your use is for
the sole purpose of programming logic devices manufactured by
Intel and sold by Intel or its authorized distributors.  Please
refer to the applicable agreement for further details.



+----------------------------------------------------------------------------------+
; Analysis & Synthesis Summary                                                     ;
+------------------------------------+---------------------------------------------+
; Analysis & Synthesis Status        ; Successful - Wed Oct 30 19:14:13 2019       ;
; Quartus Prime Version              ; 18.1.0 Build 625 09/12/2018 SJ Lite Edition ;
; Revision Name                      ; PopCount32_Parallel                         ;
; Top-level Entity Name              ; popCount32_Parallel                         ;
; Family                             ; Cyclone IV E                                ;
; Total logic elements               ; 74                                          ;
;     Total combinational functions  ; 74                                          ;
;     Dedicated logic registers      ; 0                                           ;
; Total registers                    ; 0                                           ;
; Total pins                         ; 38                                          ;
; Total virtual pins                 ; 0                                           ;
; Total memory bits                  ; 0                                           ;
; Embedded Multiplier 9-bit elements ; 0                                           ;
; Total PLLs                         ; 0                                           ;
+------------------------------------+---------------------------------------------+


+--------------------------------------------------------------------------------------------------------------+
; Analysis & Synthesis Settings                                                                                ;
+------------------------------------------------------------------+---------------------+---------------------+
; Option                                                           ; Setting             ; Default Value       ;
+------------------------------------------------------------------+---------------------+---------------------+
; Top-level entity name                                            ; PopCount32_Parallel ; PopCount32_Parallel ;
; Family name                                                      ; Cyclone IV E        ; Cyclone V           ;
; Maximum processors allowed for parallel compilation              ; All                 ;                     ;
; Use smart compilation                                            ; Off                 ; Off                 ;
; Enable parallel Assembler and Timing Analyzer during compilation ; On                  ; On                  ;
; Enable compact report table                                      ; Off                 ; Off                 ;
; Restructure Multiplexers                                         ; Auto                ; Auto                ;
; Create Debugging Nodes for IP Cores                              ; Off                 ; Off                 ;
; Preserve fewer node names                                        ; On                  ; On                  ;
; Intel FPGA IP Evaluation Mode                                    ; Enable              ; Enable              ;
; Verilog Version                                                  ; Verilog_2001        ; Verilog_2001        ;
; VHDL Version                                                     ; VHDL_1993           ; VHDL_1993           ;
; State Machine Processing                                         ; Auto                ; Auto                ;
; Safe State Machine                                               ; Off                 ; Off                 ;
; Extract Verilog State Machines                                   ; On                  ; On                  ;
; Extract VHDL State Machines                                      ; On                  ; On                  ;
; Ignore Verilog initial constructs                                ; Off                 ; Off                 ;
; Iteration limit for constant Verilog loops                       ; 5000                ; 5000                ;
; Iteration limit for non-constant Verilog loops                   ; 250                 ; 250                 ;
; Add Pass-Through Logic to Inferred RAMs                          ; On                  ; On                  ;
; Infer RAMs from Raw Logic                                        ; On                  ; On                  ;
; Parallel Synthesis                                               ; On                  ; On                  ;
; DSP Block Balancing                                              ; Auto                ; Auto                ;
; NOT Gate Push-Back                                               ; On                  ; On                  ;
; Power-Up Don't Care                                              ; On                  ; On                  ;
; Remove Redundant Logic Cells                                     ; Off                 ; Off                 ;
; Remove Duplicate Registers                                       ; On                  ; On                  ;
; Ignore CARRY Buffers                                             ; Off                 ; Off                 ;
; Ignore CASCADE Buffers                                           ; Off                 ; Off                 ;
; Ignore GLOBAL Buffers                                            ; Off                 ; Off                 ;
; Ignore ROW GLOBAL Buffers                                        ; Off                 ; Off                 ;
; Ignore LCELL Buffers                                             ; Off                 ; Off                 ;
; Ignore SOFT Buffers                                              ; On                  ; On                  ;
; Limit AHDL Integers to 32 Bits                                   ; Off                 ; Off                 ;
; Optimization Technique                                           ; Balanced            ; Balanced            ;
; Carry Chain Length                                               ; 70                  ; 70                  ;
; Auto Carry Chains                                                ; On                  ; On                  ;
; Auto Open-Drain Pins                                             ; On                  ; On                  ;
; Perform WYSIWYG Primitive Resynthesis                            ; Off                 ; Off                 ;
; Auto ROM Replacement                                             ; On                  ; On                  ;
; Auto RAM Replacement                                             ; On                  ; On                  ;
; Auto DSP Block Replacement                                       ; On                  ; On                  ;
; Auto Shift Register Replacement                                  ; Auto                ; Auto                ;
; Allow Shift Register Merging across Hierarchies                  ; Auto                ; Auto                ;
; Auto Clock Enable Replacement                                    ; On                  ; On                  ;
; Strict RAM Replacement                                           ; Off                 ; Off                 ;
; Allow Synchronous Control Signals                                ; On                  ; On                  ;
; Force Use of Synchronous Clear Signals                           ; Off                 ; Off                 ;
; Auto RAM Block Balancing                                         ; On                  ; On                  ;
; Auto RAM to Logic Cell Conversion                                ; Off                 ; Off                 ;
; Auto Resource Sharing                                            ; Off                 ; Off                 ;
; Allow Any RAM Size For Recognition                               ; Off                 ; Off                 ;
; Allow Any ROM Size For Recognition                               ; Off                 ; Off                 ;
; Allow Any Shift Register Size For Recognition                    ; Off                 ; Off                 ;
; Use LogicLock Constraints during Resource Balancing              ; On                  ; On                  ;
; Ignore translate_off and synthesis_off directives                ; Off                 ; Off                 ;
; Timing-Driven Synthesis                                          ; On                  ; On                  ;
; Report Parameter Settings                                        ; On                  ; On                  ;
; Report Source Assignments                                        ; On                  ; On                  ;
; Report Connectivity Checks                                       ; On                  ; On                  ;
; Ignore Maximum Fan-Out Assignments                               ; Off                 ; Off                 ;
; Synchronization Register Chain Length                            ; 2                   ; 2                   ;
; Power Optimization During Synthesis                              ; Normal compilation  ; Normal compilation  ;
; HDL message level                                                ; Level2              ; Level2              ;
; Suppress Register Optimization Related Messages                  ; Off                 ; Off                 ;
; Number of Removed Registers Reported in Synthesis Report         ; 5000                ; 5000                ;
; Number of Swept Nodes Reported in Synthesis Report               ; 5000                ; 5000                ;
; Number of Inverted Registers Reported in Synthesis Report        ; 100                 ; 100                 ;
; Clock MUX Protection                                             ; On                  ; On                  ;
; Auto Gated Clock Conversion                                      ; Off                 ; Off                 ;
; Block Design Naming                                              ; Auto                ; Auto                ;
; SDC constraint protection                                        ; Off                 ; Off                 ;
; Synthesis Effort                                                 ; Auto                ; Auto                ;
; Shift Register Replacement - Allow Asynchronous Clear Signal     ; On                  ; On                  ;
; Pre-Mapping Resynthesis Optimization                             ; Off                 ; Off                 ;
; Analysis & Synthesis Message Level                               ; Medium              ; Medium              ;
; Disable Register Merging Across Hierarchies                      ; Auto                ; Auto                ;
; Resource Aware Inference For Block RAM                           ; On                  ; On                  ;
+------------------------------------------------------------------+---------------------+---------------------+


+------------------------------------------+
; Parallel Compilation                     ;
+----------------------------+-------------+
; Processors                 ; Number      ;
+----------------------------+-------------+
; Number detected on machine ; 8           ;
; Maximum allowed            ; 4           ;
;                            ;             ;
; Average used               ; 1.00        ;
; Maximum used               ; 1           ;
;                            ;             ;
; Usage by Processor         ; % Time Used ;
;     Processor 1            ; 100.0%      ;
+----------------------------+-------------+


+-----------------------------------------------------------------------------------------------------------------------------------------------------------------------------------+
; Analysis & Synthesis Source Files Read                                                                                                                                            ;
+----------------------------------+-----------------+-----------------+--------------------------------------------------------------------------------------------------+---------+
; File Name with User-Entered Path ; Used in Netlist ; File Type       ; File Name with Absolute Path                                                                     ; Library ;
+----------------------------------+-----------------+-----------------+--------------------------------------------------------------------------------------------------+---------+
; PopCount32_Parallel.vhd          ; yes             ; User VHDL File  ; C:/Users/Pedro/Documents/UA/ACA/ACA/G06-Simulation-2/PopCount32_Parallel/PopCount32_Parallel.vhd ;         ;
; arithmetic.vhd                   ; yes             ; User VHDL File  ; C:/Users/Pedro/Documents/UA/ACA/ACA/G06-Simulation-2/PopCount32_Parallel/arithmetic.vhd          ;         ;
; PopCount4Bits.vhd                ; yes             ; User VHDL File  ; C:/Users/Pedro/Documents/UA/ACA/ACA/G06-Simulation-2/PopCount32_Parallel/PopCount4Bits.vhd       ;         ;
+----------------------------------+-----------------+-----------------+--------------------------------------------------------------------------------------------------+---------+


+-------------------------------------------------------------+
; Analysis & Synthesis Resource Usage Summary                 ;
+---------------------------------------------+---------------+
; Resource                                    ; Usage         ;
+---------------------------------------------+---------------+
; Estimated Total logic elements              ; 74            ;
;                                             ;               ;
; Total combinational functions               ; 74            ;
; Logic element usage by number of LUT inputs ;               ;
;     -- 4 input functions                    ; 49            ;
;     -- 3 input functions                    ; 18            ;
;     -- <=2 input functions                  ; 7             ;
;                                             ;               ;
; Logic elements by mode                      ;               ;
;     -- normal mode                          ; 74            ;
;     -- arithmetic mode                      ; 0             ;
;                                             ;               ;
; Total registers                             ; 0             ;
;     -- Dedicated logic registers            ; 0             ;
;     -- I/O registers                        ; 0             ;
;                                             ;               ;
; I/O pins                                    ; 38            ;
;                                             ;               ;
; Embedded Multiplier 9-bit elements          ; 0             ;
;                                             ;               ;
; Maximum fan-out node                        ; dIn[28]~input ;
; Maximum fan-out                             ; 5             ;
; Total fan-out                               ; 308           ;
; Average fan-out                             ; 2.05          ;
+---------------------------------------------+---------------+


+------------------------------------------------------------------------------------------------------------------------------------------------------------------------------------------------------------------------------------------------------------------------------+
; Analysis & Synthesis Resource Utilization by Entity                                                                                                                                                                                                                          ;
+------------------------------------+---------------------+---------------------------+-------------+--------------+---------+-----------+------+--------------+-------------------------------------------------------------------------+---------------------+--------------+
; Compilation Hierarchy Node         ; Combinational ALUTs ; Dedicated Logic Registers ; Memory Bits ; DSP Elements ; DSP 9x9 ; DSP 18x18 ; Pins ; Virtual Pins ; Full Hierarchy Name                                                     ; Entity Name         ; Library Name ;
+------------------------------------+---------------------+---------------------------+-------------+--------------+---------+-----------+------+--------------+-------------------------------------------------------------------------+---------------------+--------------+
; |popCount32_Parallel               ; 74 (0)              ; 0 (0)                     ; 0           ; 0            ; 0       ; 0         ; 38   ; 0            ; |popCount32_Parallel                                                    ; popCount32_Parallel ; work         ;
;    |fullAdder3bit:fullAdder3bit_1| ; 5 (0)               ; 0 (0)                     ; 0           ; 0            ; 0       ; 0         ; 0    ; 0            ; |popCount32_Parallel|fullAdder3bit:fullAdder3bit_1                      ; fullAdder3bit       ; work         ;
;       |fullAdder1bit:adder0|       ; 1 (1)               ; 0 (0)                     ; 0           ; 0            ; 0       ; 0         ; 0    ; 0            ; |popCount32_Parallel|fullAdder3bit:fullAdder3bit_1|fullAdder1bit:adder0 ; fullAdder1bit       ; work         ;
;       |fullAdder1bit:adder1|       ; 2 (2)               ; 0 (0)                     ; 0           ; 0            ; 0       ; 0         ; 0    ; 0            ; |popCount32_Parallel|fullAdder3bit:fullAdder3bit_1|fullAdder1bit:adder1 ; fullAdder1bit       ; work         ;
;       |fullAdder1bit:adder2|       ; 2 (2)               ; 0 (0)                     ; 0           ; 0            ; 0       ; 0         ; 0    ; 0            ; |popCount32_Parallel|fullAdder3bit:fullAdder3bit_1|fullAdder1bit:adder2 ; fullAdder1bit       ; work         ;
;    |fullAdder3bit:fullAdder3bit_2| ; 5 (0)               ; 0 (0)                     ; 0           ; 0            ; 0       ; 0         ; 0    ; 0            ; |popCount32_Parallel|fullAdder3bit:fullAdder3bit_2                      ; fullAdder3bit       ; work         ;
;       |fullAdder1bit:adder0|       ; 1 (1)               ; 0 (0)                     ; 0           ; 0            ; 0       ; 0         ; 0    ; 0            ; |popCount32_Parallel|fullAdder3bit:fullAdder3bit_2|fullAdder1bit:adder0 ; fullAdder1bit       ; work         ;
;       |fullAdder1bit:adder1|       ; 2 (2)               ; 0 (0)                     ; 0           ; 0            ; 0       ; 0         ; 0    ; 0            ; |popCount32_Parallel|fullAdder3bit:fullAdder3bit_2|fullAdder1bit:adder1 ; fullAdder1bit       ; work         ;
;       |fullAdder1bit:adder2|       ; 2 (2)               ; 0 (0)                     ; 0           ; 0            ; 0       ; 0         ; 0    ; 0            ; |popCount32_Parallel|fullAdder3bit:fullAdder3bit_2|fullAdder1bit:adder2 ; fullAdder1bit       ; work         ;
;    |fullAdder3bit:fullAdder3bit_3| ; 5 (0)               ; 0 (0)                     ; 0           ; 0            ; 0       ; 0         ; 0    ; 0            ; |popCount32_Parallel|fullAdder3bit:fullAdder3bit_3                      ; fullAdder3bit       ; work         ;
;       |fullAdder1bit:adder0|       ; 1 (1)               ; 0 (0)                     ; 0           ; 0            ; 0       ; 0         ; 0    ; 0            ; |popCount32_Parallel|fullAdder3bit:fullAdder3bit_3|fullAdder1bit:adder0 ; fullAdder1bit       ; work         ;
;       |fullAdder1bit:adder1|       ; 2 (2)               ; 0 (0)                     ; 0           ; 0            ; 0       ; 0         ; 0    ; 0            ; |popCount32_Parallel|fullAdder3bit:fullAdder3bit_3|fullAdder1bit:adder1 ; fullAdder1bit       ; work         ;
;       |fullAdder1bit:adder2|       ; 2 (2)               ; 0 (0)                     ; 0           ; 0            ; 0       ; 0         ; 0    ; 0            ; |popCount32_Parallel|fullAdder3bit:fullAdder3bit_3|fullAdder1bit:adder2 ; fullAdder1bit       ; work         ;
;    |fullAdder3bit:fullAdder3bit_4| ; 5 (0)               ; 0 (0)                     ; 0           ; 0            ; 0       ; 0         ; 0    ; 0            ; |popCount32_Parallel|fullAdder3bit:fullAdder3bit_4                      ; fullAdder3bit       ; work         ;
;       |fullAdder1bit:adder0|       ; 1 (1)               ; 0 (0)                     ; 0           ; 0            ; 0       ; 0         ; 0    ; 0            ; |popCount32_Parallel|fullAdder3bit:fullAdder3bit_4|fullAdder1bit:adder0 ; fullAdder1bit       ; work         ;
;       |fullAdder1bit:adder1|       ; 2 (2)               ; 0 (0)                     ; 0           ; 0            ; 0       ; 0         ; 0    ; 0            ; |popCount32_Parallel|fullAdder3bit:fullAdder3bit_4|fullAdder1bit:adder1 ; fullAdder1bit       ; work         ;
;       |fullAdder1bit:adder2|       ; 2 (2)               ; 0 (0)                     ; 0           ; 0            ; 0       ; 0         ; 0    ; 0            ; |popCount32_Parallel|fullAdder3bit:fullAdder3bit_4|fullAdder1bit:adder2 ; fullAdder1bit       ; work         ;
;    |fullAdder4bit:fullAdder4bit_1| ; 8 (0)               ; 0 (0)                     ; 0           ; 0            ; 0       ; 0         ; 0    ; 0            ; |popCount32_Parallel|fullAdder4bit:fullAdder4bit_1                      ; fullAdder4bit       ; work         ;
;       |fullAdder1bit:adder0|       ; 2 (2)               ; 0 (0)                     ; 0           ; 0            ; 0       ; 0         ; 0    ; 0            ; |popCount32_Parallel|fullAdder4bit:fullAdder4bit_1|fullAdder1bit:adder0 ; fullAdder1bit       ; work         ;
;       |fullAdder1bit:adder1|       ; 2 (2)               ; 0 (0)                     ; 0           ; 0            ; 0       ; 0         ; 0    ; 0            ; |popCount32_Parallel|fullAdder4bit:fullAdder4bit_1|fullAdder1bit:adder1 ; fullAdder1bit       ; work         ;
;       |fullAdder1bit:adder2|       ; 2 (2)               ; 0 (0)                     ; 0           ; 0            ; 0       ; 0         ; 0    ; 0            ; |popCount32_Parallel|fullAdder4bit:fullAdder4bit_1|fullAdder1bit:adder2 ; fullAdder1bit       ; work         ;
;       |fullAdder1bit:adder3|       ; 2 (2)               ; 0 (0)                     ; 0           ; 0            ; 0       ; 0         ; 0    ; 0            ; |popCount32_Parallel|fullAdder4bit:fullAdder4bit_1|fullAdder1bit:adder3 ; fullAdder1bit       ; work         ;
;    |fullAdder4bit:fullAdder4bit_2| ; 8 (0)               ; 0 (0)                     ; 0           ; 0            ; 0       ; 0         ; 0    ; 0            ; |popCount32_Parallel|fullAdder4bit:fullAdder4bit_2                      ; fullAdder4bit       ; work         ;
;       |fullAdder1bit:adder0|       ; 2 (2)               ; 0 (0)                     ; 0           ; 0            ; 0       ; 0         ; 0    ; 0            ; |popCount32_Parallel|fullAdder4bit:fullAdder4bit_2|fullAdder1bit:adder0 ; fullAdder1bit       ; work         ;
;       |fullAdder1bit:adder1|       ; 2 (2)               ; 0 (0)                     ; 0           ; 0            ; 0       ; 0         ; 0    ; 0            ; |popCount32_Parallel|fullAdder4bit:fullAdder4bit_2|fullAdder1bit:adder1 ; fullAdder1bit       ; work         ;
;       |fullAdder1bit:adder2|       ; 2 (2)               ; 0 (0)                     ; 0           ; 0            ; 0       ; 0         ; 0    ; 0            ; |popCount32_Parallel|fullAdder4bit:fullAdder4bit_2|fullAdder1bit:adder2 ; fullAdder1bit       ; work         ;
;       |fullAdder1bit:adder3|       ; 2 (2)               ; 0 (0)                     ; 0           ; 0            ; 0       ; 0         ; 0    ; 0            ; |popCount32_Parallel|fullAdder4bit:fullAdder4bit_2|fullAdder1bit:adder3 ; fullAdder1bit       ; work         ;
;    |fullAdder5bit:fullAdder5bit_1| ; 10 (0)              ; 0 (0)                     ; 0           ; 0            ; 0       ; 0         ; 0    ; 0            ; |popCount32_Parallel|fullAdder5bit:fullAdder5bit_1                      ; fullAdder5bit       ; work         ;
;       |fullAdder1bit:adder0|       ; 2 (2)               ; 0 (0)                     ; 0           ; 0            ; 0       ; 0         ; 0    ; 0            ; |popCount32_Parallel|fullAdder5bit:fullAdder5bit_1|fullAdder1bit:adder0 ; fullAdder1bit       ; work         ;
;       |fullAdder1bit:adder1|       ; 2 (2)               ; 0 (0)                     ; 0           ; 0            ; 0       ; 0         ; 0    ; 0            ; |popCount32_Parallel|fullAdder5bit:fullAdder5bit_1|fullAdder1bit:adder1 ; fullAdder1bit       ; work         ;
;       |fullAdder1bit:adder2|       ; 2 (2)               ; 0 (0)                     ; 0           ; 0            ; 0       ; 0         ; 0    ; 0            ; |popCount32_Parallel|fullAdder5bit:fullAdder5bit_1|fullAdder1bit:adder2 ; fullAdder1bit       ; work         ;
;       |fullAdder1bit:adder3|       ; 2 (2)               ; 0 (0)                     ; 0           ; 0            ; 0       ; 0         ; 0    ; 0            ; |popCount32_Parallel|fullAdder5bit:fullAdder5bit_1|fullAdder1bit:adder3 ; fullAdder1bit       ; work         ;
;       |fullAdder1bit:adder4|       ; 2 (2)               ; 0 (0)                     ; 0           ; 0            ; 0       ; 0         ; 0    ; 0            ; |popCount32_Parallel|fullAdder5bit:fullAdder5bit_1|fullAdder1bit:adder4 ; fullAdder1bit       ; work         ;
;    |popCount4Bits:pc4_1|           ; 4 (4)               ; 0 (0)                     ; 0           ; 0            ; 0       ; 0         ; 0    ; 0            ; |popCount32_Parallel|popCount4Bits:pc4_1                                ; popCount4Bits       ; work         ;
;    |popCount4Bits:pc4_2|           ; 3 (3)               ; 0 (0)                     ; 0           ; 0            ; 0       ; 0         ; 0    ; 0            ; |popCount32_Parallel|popCount4Bits:pc4_2                                ; popCount4Bits       ; work         ;
;    |popCount4Bits:pc4_3|           ; 4 (4)               ; 0 (0)                     ; 0           ; 0            ; 0       ; 0         ; 0    ; 0            ; |popCount32_Parallel|popCount4Bits:pc4_3                                ; popCount4Bits       ; work         ;
;    |popCount4Bits:pc4_4|           ; 3 (3)               ; 0 (0)                     ; 0           ; 0            ; 0       ; 0         ; 0    ; 0            ; |popCount32_Parallel|popCount4Bits:pc4_4                                ; popCount4Bits       ; work         ;
;    |popCount4Bits:pc4_5|           ; 4 (4)               ; 0 (0)                     ; 0           ; 0            ; 0       ; 0         ; 0    ; 0            ; |popCount32_Parallel|popCount4Bits:pc4_5                                ; popCount4Bits       ; work         ;
;    |popCount4Bits:pc4_6|           ; 3 (3)               ; 0 (0)                     ; 0           ; 0            ; 0       ; 0         ; 0    ; 0            ; |popCount32_Parallel|popCount4Bits:pc4_6                                ; popCount4Bits       ; work         ;
;    |popCount4Bits:pc4_7|           ; 4 (4)               ; 0 (0)                     ; 0           ; 0            ; 0       ; 0         ; 0    ; 0            ; |popCount32_Parallel|popCount4Bits:pc4_7                                ; popCount4Bits       ; work         ;
;    |popCount4Bits:pc4_8|           ; 3 (3)               ; 0 (0)                     ; 0           ; 0            ; 0       ; 0         ; 0    ; 0            ; |popCount32_Parallel|popCount4Bits:pc4_8                                ; popCount4Bits       ; work         ;
+------------------------------------+---------------------+---------------------------+-------------+--------------+---------+-----------+------+--------------+-------------------------------------------------------------------------+---------------------+--------------+
Note: For table entries with two numbers listed, the numbers in parentheses indicate the number of resources of the given type used by the specific entity alone. The numbers listed outside of parentheses indicate the total resources of the given type used by the specific entity and all of its sub-entities in the hierarchy.


+------------------------------------------------------+
; General Register Statistics                          ;
+----------------------------------------------+-------+
; Statistic                                    ; Value ;
+----------------------------------------------+-------+
; Total registers                              ; 0     ;
; Number of registers using Synchronous Clear  ; 0     ;
; Number of registers using Synchronous Load   ; 0     ;
; Number of registers using Asynchronous Clear ; 0     ;
; Number of registers using Asynchronous Load  ; 0     ;
; Number of registers using Clock Enable       ; 0     ;
; Number of registers using Preset             ; 0     ;
+----------------------------------------------+-------+


+-----------------------------------------------------------+
; Port Connectivity Checks: "fullAdder5bit:fullAdder5bit_1" ;
+------+-------+----------+---------------------------------+
; Port ; Type  ; Severity ; Details                         ;
+------+-------+----------+---------------------------------+
; cin  ; Input ; Info     ; Stuck at GND                    ;
+------+-------+----------+---------------------------------+


+-----------------------------------------------------------+
; Port Connectivity Checks: "fullAdder4bit:fullAdder4bit_2" ;
+------+-------+----------+---------------------------------+
; Port ; Type  ; Severity ; Details                         ;
+------+-------+----------+---------------------------------+
; cin  ; Input ; Info     ; Stuck at GND                    ;
+------+-------+----------+---------------------------------+


+-----------------------------------------------------------+
; Port Connectivity Checks: "fullAdder4bit:fullAdder4bit_1" ;
+------+-------+----------+---------------------------------+
; Port ; Type  ; Severity ; Details                         ;
+------+-------+----------+---------------------------------+
; cin  ; Input ; Info     ; Stuck at GND                    ;
+------+-------+----------+---------------------------------+


+-----------------------------------------------------------+
; Port Connectivity Checks: "fullAdder3bit:fullAdder3bit_4" ;
+------+-------+----------+---------------------------------+
; Port ; Type  ; Severity ; Details                         ;
+------+-------+----------+---------------------------------+
; cin  ; Input ; Info     ; Stuck at GND                    ;
+------+-------+----------+---------------------------------+


+-----------------------------------------------------------+
; Port Connectivity Checks: "fullAdder3bit:fullAdder3bit_3" ;
+------+-------+----------+---------------------------------+
; Port ; Type  ; Severity ; Details                         ;
+------+-------+----------+---------------------------------+
; cin  ; Input ; Info     ; Stuck at GND                    ;
+------+-------+----------+---------------------------------+


+-----------------------------------------------------------+
; Port Connectivity Checks: "fullAdder3bit:fullAdder3bit_2" ;
+------+-------+----------+---------------------------------+
; Port ; Type  ; Severity ; Details                         ;
+------+-------+----------+---------------------------------+
; cin  ; Input ; Info     ; Stuck at GND                    ;
+------+-------+----------+---------------------------------+


+-----------------------------------------------------------+
; Port Connectivity Checks: "fullAdder3bit:fullAdder3bit_1" ;
+------+-------+----------+---------------------------------+
; Port ; Type  ; Severity ; Details                         ;
+------+-------+----------+---------------------------------+
; cin  ; Input ; Info     ; Stuck at GND                    ;
+------+-------+----------+---------------------------------+


+-----------------------------------------------------+
; Post-Synthesis Netlist Statistics for Top Partition ;
+-----------------------+-----------------------------+
; Type                  ; Count                       ;
+-----------------------+-----------------------------+
; boundary_port         ; 38                          ;
; cycloneiii_lcell_comb ; 74                          ;
;     normal            ; 74                          ;
;         2 data inputs ; 7                           ;
;         3 data inputs ; 18                          ;
;         4 data inputs ; 49                          ;
;                       ;                             ;
; Max LUT depth         ; 8.00                        ;
; Average LUT depth     ; 7.21                        ;
+-----------------------+-----------------------------+


+-------------------------------+
; Elapsed Time Per Partition    ;
+----------------+--------------+
; Partition Name ; Elapsed Time ;
+----------------+--------------+
; Top            ; 00:00:00     ;
+----------------+--------------+


+-------------------------------+
; Analysis & Synthesis Messages ;
+-------------------------------+
Info: *******************************************************************
Info: Running Quartus Prime Analysis & Synthesis
    Info: Version 18.1.0 Build 625 09/12/2018 SJ Lite Edition
    Info: Processing started: Wed Oct 30 19:14:00 2019
Info: Command: quartus_map --read_settings_files=on --write_settings_files=off PopCount32_Parallel -c PopCount32_Parallel
Info (20030): Parallel compilation is enabled and will use 4 of the 4 processors detected
Info (12021): Found 2 design units, including 1 entities, in source file popcount32_parallel.vhd
    Info (12022): Found design unit 1: popCount32_Parallel-structural File: C:/Users/Pedro/Documents/UA/ACA/ACA/G06-Simulation-2/PopCount32_Parallel/PopCount32_Parallel.vhd Line: 20
    Info (12023): Found entity 1: popCount32_Parallel File: C:/Users/Pedro/Documents/UA/ACA/ACA/G06-Simulation-2/PopCount32_Parallel/PopCount32_Parallel.vhd Line: 14
Info (12021): Found 8 design units, including 4 entities, in source file arithmetic.vhd
    Info (12022): Found design unit 1: fullAdder1bit-logicalFunction File: C:/Users/Pedro/Documents/UA/ACA/ACA/G06-Simulation-2/PopCount32_Parallel/arithmetic.vhd Line: 25
    Info (12022): Found design unit 2: fullAdder3bit-structural File: C:/Users/Pedro/Documents/UA/ACA/ACA/G06-Simulation-2/PopCount32_Parallel/arithmetic.vhd Line: 43
    Info (12022): Found design unit 3: fullAdder4bit-structural File: C:/Users/Pedro/Documents/UA/ACA/ACA/G06-Simulation-2/PopCount32_Parallel/arithmetic.vhd Line: 71
    Info (12022): Found design unit 4: fullAdder5bit-structural File: C:/Users/Pedro/Documents/UA/ACA/ACA/G06-Simulation-2/PopCount32_Parallel/arithmetic.vhd Line: 99
    Info (12023): Found entity 1: fullAdder1bit File: C:/Users/Pedro/Documents/UA/ACA/ACA/G06-Simulation-2/PopCount32_Parallel/arithmetic.vhd Line: 17
    Info (12023): Found entity 2: fullAdder3bit File: C:/Users/Pedro/Documents/UA/ACA/ACA/G06-Simulation-2/PopCount32_Parallel/arithmetic.vhd Line: 35
    Info (12023): Found entity 3: fullAdder4bit File: C:/Users/Pedro/Documents/UA/ACA/ACA/G06-Simulation-2/PopCount32_Parallel/arithmetic.vhd Line: 63
    Info (12023): Found entity 4: fullAdder5bit File: C:/Users/Pedro/Documents/UA/ACA/ACA/G06-Simulation-2/PopCount32_Parallel/arithmetic.vhd Line: 91
Info (12021): Found 2 design units, including 1 entities, in source file popcount4bits.vhd
    Info (12022): Found design unit 1: popCount4Bits-logicalFunction File: C:/Users/Pedro/Documents/UA/ACA/ACA/G06-Simulation-2/PopCount32_Parallel/PopCount4Bits.vhd Line: 21
    Info (12023): Found entity 1: popCount4Bits File: C:/Users/Pedro/Documents/UA/ACA/ACA/G06-Simulation-2/PopCount32_Parallel/PopCount4Bits.vhd Line: 16
Info (12127): Elaborating entity "PopCount32_Parallel" for the top level hierarchy
Info (12128): Elaborating entity "popCount4Bits" for hierarchy "popCount4Bits:pc4_1" File: C:/Users/Pedro/Documents/UA/ACA/ACA/G06-Simulation-2/PopCount32_Parallel/PopCount32_Parallel.vhd Line: 58
Info (12128): Elaborating entity "fullAdder3bit" for hierarchy "fullAdder3bit:fullAdder3bit_1" File: C:/Users/Pedro/Documents/UA/ACA/ACA/G06-Simulation-2/PopCount32_Parallel/PopCount32_Parallel.vhd Line: 67
Info (12128): Elaborating entity "fullAdder1bit" for hierarchy "fullAdder3bit:fullAdder3bit_1|fullAdder1bit:adder0" File: C:/Users/Pedro/Documents/UA/ACA/ACA/G06-Simulation-2/PopCount32_Parallel/arithmetic.vhd Line: 53
Info (12128): Elaborating entity "fullAdder4bit" for hierarchy "fullAdder4bit:fullAdder4bit_1" File: C:/Users/Pedro/Documents/UA/ACA/ACA/G06-Simulation-2/PopCount32_Parallel/PopCount32_Parallel.vhd Line: 72
Info (12128): Elaborating entity "fullAdder5bit" for hierarchy "fullAdder5bit:fullAdder5bit_1" File: C:/Users/Pedro/Documents/UA/ACA/ACA/G06-Simulation-2/PopCount32_Parallel/PopCount32_Parallel.vhd Line: 88
Info (286030): Timing-Driven Synthesis is running
Info (16010): Generating hard_block partition "hard_block:auto_generated_inst"
    Info (16011): Adding 0 node(s), including 0 DDIO, 0 PLL, 0 transceiver and 0 LCELL
Info (21057): Implemented 112 device resources after synthesis - the final resource count might be different
    Info (21058): Implemented 32 input pins
    Info (21059): Implemented 6 output pins
    Info (21061): Implemented 74 logic cells
Info: Quartus Prime Analysis & Synthesis was successful. 0 errors, 0 warnings
    Info: Peak virtual memory: 4794 megabytes
    Info: Processing ended: Wed Oct 30 19:14:13 2019
    Info: Elapsed time: 00:00:13
    Info: Total CPU time (on all processors): 00:00:28


