EDA Netlist Writer report for PopCount32_Serial
Wed Oct 30 21:37:52 2019
Quartus Prime Version 18.1.0 Build 625 09/12/2018 SJ Lite Edition


---------------------
; Table of Contents ;
---------------------
  1. Legal Notice
  2. EDA Netlist Writer Summary
  3. Simulation Settings
  4. Simulation Generated Files
  5. EDA Netlist Writer Messages



----------------
; Legal Notice ;
----------------
Copyright (C) 2018  Intel Corporation. All rights reserved.
Your use of Intel Corporation's design tools, logic functions 
and other software and tools, and its AMPP partner logic 
functions, and any output files from any of the foregoing 
(including device programming or simulation files), and any 
associated documentation or information are expressly subject 
to the terms and conditions of the Intel Program License 
Subscription Agreement, the Intel Quartus Prime License Agreement,
the Intel FPGA IP License Agreement, or other applicable license
agreement, including, without limitation, that your use is for
the sole purpose of programming logic devices manufactured by
Intel and sold by Intel or its authorized distributors.  Please
refer to the applicable agreement for further details.



+-------------------------------------------------------------------+
; EDA Netlist Writer Summary                                        ;
+---------------------------+---------------------------------------+
; EDA Netlist Writer Status ; Successful - Wed Oct 30 21:37:52 2019 ;
; Revision Name             ; PopCount32_Serial                     ;
; Top-level Entity Name     ; popCount32_Serial                     ;
; Family                    ; Cyclone IV E                          ;
; Simulation Files Creation ; Successful                            ;
+---------------------------+---------------------------------------+


+---------------------------------------------------------------------------------------------------------------------+
; Simulation Settings                                                                                                 ;
+---------------------------------------------------------------------------------------------------+-----------------+
; Option                                                                                            ; Setting         ;
+---------------------------------------------------------------------------------------------------+-----------------+
; Tool Name                                                                                         ; ModelSim (VHDL) ;
; Generate functional simulation netlist                                                            ; On              ;
; Truncate long hierarchy paths                                                                     ; Off             ;
; Map illegal HDL characters                                                                        ; Off             ;
; Flatten buses into individual nodes                                                               ; Off             ;
; Maintain hierarchy                                                                                ; Off             ;
; Bring out device-wide set/reset signals as ports                                                  ; Off             ;
; Enable glitch filtering                                                                           ; Off             ;
; Do not write top level VHDL entity                                                                ; Off             ;
; Disable detection of setup and hold time violations in the input registers of bi-directional pins ; Off             ;
; Architecture name in VHDL output netlist                                                          ; structure       ;
; Generate third-party EDA tool command script for RTL functional simulation                        ; Off             ;
; Generate third-party EDA tool command script for gate-level simulation                            ; Off             ;
+---------------------------------------------------------------------------------------------------+-----------------+


+------------------------------------------------------------------------------------------------------------------+
; Simulation Generated Files                                                                                       ;
+------------------------------------------------------------------------------------------------------------------+
; Generated Files                                                                                                  ;
+------------------------------------------------------------------------------------------------------------------+
; C:/Users/Pedro/Documents/UA/ACA/ACA/G06-Simulation-2/PopCount32_Serial/simulation/modelsim/PopCount32_Serial.vho ;
+------------------------------------------------------------------------------------------------------------------+


+-----------------------------+
; EDA Netlist Writer Messages ;
+-----------------------------+
Info: *******************************************************************
Info: Running Quartus Prime EDA Netlist Writer
    Info: Version 18.1.0 Build 625 09/12/2018 SJ Lite Edition
    Info: Processing started: Wed Oct 30 21:37:51 2019
Info: Command: quartus_eda --read_settings_files=off --write_settings_files=off PopCount32_Serial -c PopCount32_Serial
Info (204019): Generated file PopCount32_Serial.vho in folder "C:/Users/Pedro/Documents/UA/ACA/ACA/G06-Simulation-2/PopCount32_Serial/simulation/modelsim/" for EDA simulation tool
Info: Quartus Prime EDA Netlist Writer was successful. 0 errors, 0 warnings
    Info: Peak virtual memory: 4636 megabytes
    Info: Processing ended: Wed Oct 30 21:37:52 2019
    Info: Elapsed time: 00:00:01
    Info: Total CPU time (on all processors): 00:00:01


